2023-10-27 17:44:28.822 [info] Extension host with pid 10229 started
2023-10-27 17:44:28.951 [info] ExtensionService#_doActivateExtension vscode.git-base, startup: true, activationEvent: '*', root cause: vscode.git
2023-10-27 17:44:28.954 [info] ExtensionService#_doActivateExtension gitpod.gitpod-remote-ssh, startup: true, activationEvent: '*'
2023-10-27 17:44:29.410 [info] ExtensionService#_doActivateExtension vscode.git, startup: true, activationEvent: '*'
2023-10-27 17:44:29.411 [info] ExtensionService#_doActivateExtension vscode.github, startup: true, activationEvent: '*'
2023-10-27 17:44:29.604 [error] Activating extension gitpod.gitpod-remote-ssh failed due to an error:
2023-10-27 17:44:29.604 [error] Error: 14 UNAVAILABLE: No connection established
	at t.callErrorFromStatus (/home/talisag/.vscode-server/extensions/gitpod.gitpod-remote-ssh-0.0.50/out/extension.js:2:623677)
	at Object.onReceiveStatus (/home/talisag/.vscode-server/extensions/gitpod.gitpod-remote-ssh-0.0.50/out/extension.js:2:648884)
	at Object.onReceiveStatus (/home/talisag/.vscode-server/extensions/gitpod.gitpod-remote-ssh-0.0.50/out/extension.js:2:644769)
	at Object.onReceiveStatus (/home/talisag/.vscode-server/extensions/gitpod.gitpod-remote-ssh-0.0.50/out/extension.js:2:644214)
	at /home/talisag/.vscode-server/extensions/gitpod.gitpod-remote-ssh-0.0.50/out/extension.js:2:728196
	at process.processTicksAndRejections (node:internal/process/task_queues:77:11)
for call at
	at n.makeUnaryRequest (/home/talisag/.vscode-server/extensions/gitpod.gitpod-remote-ssh-0.0.50/out/extension.js:2:648425)
	at n.workspaceInfo (/home/talisag/.vscode-server/extensions/gitpod.gitpod-remote-ssh-0.0.50/out/extension.js:2:713599)
	at node:internal/util:381:7
	at new Promise (<anonymous>)
	at bound  (node:internal/util:367:12)
	at A.getWorkspaceInfo (/home/talisag/.vscode-server/extensions/gitpod.gitpod-remote-ssh-0.0.50/out/extension.js:2:1399030)
	at t.createGitpodExtensionContext (/home/talisag/.vscode-server/extensions/gitpod.gitpod-remote-ssh-0.0.50/out/extension.js:2:1376065)
	at t.setupGitpodContext (/home/talisag/.vscode-server/extensions/gitpod.gitpod-remote-ssh-0.0.50/out/extension.js:2:1369655)
	at t.activate (/home/talisag/.vscode-server/extensions/gitpod.gitpod-remote-ssh-0.0.50/out/extension.js:2:338502)
	at q.ib (/home/talisag/.vscode-server/bin/f1b07bd25dfad64b0167beb15359ae573aecd2cc/out/vs/workbench/api/node/extensionHostProcess.js:137:13192)
	at q.hb (/home/talisag/.vscode-server/bin/f1b07bd25dfad64b0167beb15359ae573aecd2cc/out/vs/workbench/api/node/extensionHostProcess.js:137:12914)
	at /home/talisag/.vscode-server/bin/f1b07bd25dfad64b0167beb15359ae573aecd2cc/out/vs/workbench/api/node/extensionHostProcess.js:137:11039
	at process.processTicksAndRejections (node:internal/process/task_queues:95:5)
	at async w.n (/home/talisag/.vscode-server/bin/f1b07bd25dfad64b0167beb15359ae573aecd2cc/out/vs/workbench/api/node/extensionHostProcess.js:126:6205)
	at async w.m (/home/talisag/.vscode-server/bin/f1b07bd25dfad64b0167beb15359ae573aecd2cc/out/vs/workbench/api/node/extensionHostProcess.js:126:6168)
	at async w.l (/home/talisag/.vscode-server/bin/f1b07bd25dfad64b0167beb15359ae573aecd2cc/out/vs/workbench/api/node/extensionHostProcess.js:126:5625)
2023-10-27 17:44:29.898 [info] Eager extensions activated
2023-10-27 17:44:29.899 [info] ExtensionService#_doActivateExtension vscode.debug-auto-launch, startup: false, activationEvent: 'onStartupFinished'
2023-10-27 17:44:29.899 [info] ExtensionService#_doActivateExtension vscode.merge-conflict, startup: false, activationEvent: 'onStartupFinished'
2023-10-27 17:44:29.900 [info] ExtensionService#_doActivateExtension ritwickdey.LiveServer, startup: false, activationEvent: 'onStartupFinished'
2023-10-27 17:44:30.004 [info] ExtensionService#_doActivateExtension ms-vsliveshare.vsliveshare, startup: false, activationEvent: 'api', root cause: ritwickdey.LiveServer
2023-10-27 17:44:42.600 [info] Extension host terminating: received terminate message from renderer
2023-10-27 17:44:42.649 [info] Extension host with pid 10229 exiting with code 0
