2023-10-27 17:44:54.038 [info] Extension host with pid 10410 started
2023-10-27 17:44:54.150 [info] ExtensionService#_doActivateExtension vscode.git-base, startup: true, activationEvent: '*', root cause: vscode.git
2023-10-27 17:44:54.152 [info] ExtensionService#_doActivateExtension gitpod.gitpod-remote-ssh, startup: true, activationEvent: '*'
2023-10-27 17:44:54.515 [info] ExtensionService#_doActivateExtension vscode.git, startup: true, activationEvent: '*'
2023-10-27 17:44:54.516 [info] ExtensionService#_doActivateExtension vscode.github, startup: true, activationEvent: '*'
2023-10-27 17:44:55.045 [error] Activating extension gitpod.gitpod-remote-ssh failed due to an error:
2023-10-27 17:44:55.045 [error] Error: 14 UNAVAILABLE: No connection established
	at t.callErrorFromStatus (/home/talisag/.vscode-server/extensions/gitpod.gitpod-remote-ssh-0.0.50/out/extension.js:2:623677)
	at Object.onReceiveStatus (/home/talisag/.vscode-server/extensions/gitpod.gitpod-remote-ssh-0.0.50/out/extension.js:2:648884)
	at Object.onReceiveStatus (/home/talisag/.vscode-server/extensions/gitpod.gitpod-remote-ssh-0.0.50/out/extension.js:2:644769)
	at Object.onReceiveStatus (/home/talisag/.vscode-server/extensions/gitpod.gitpod-remote-ssh-0.0.50/out/extension.js:2:644214)
	at /home/talisag/.vscode-server/extensions/gitpod.gitpod-remote-ssh-0.0.50/out/extension.js:2:728196
	at process.processTicksAndRejections (node:internal/process/task_queues:77:11)
for call at
	at n.makeUnaryRequest (/home/talisag/.vscode-server/extensions/gitpod.gitpod-remote-ssh-0.0.50/out/extension.js:2:648425)
	at n.workspaceInfo (/home/talisag/.vscode-server/extensions/gitpod.gitpod-remote-ssh-0.0.50/out/extension.js:2:713599)
	at node:internal/util:381:7
	at new Promise (<anonymous>)
	at bound  (node:internal/util:367:12)
	at A.getWorkspaceInfo (/home/talisag/.vscode-server/extensions/gitpod.gitpod-remote-ssh-0.0.50/out/extension.js:2:1399030)
	at t.createGitpodExtensionContext (/home/talisag/.vscode-server/extensions/gitpod.gitpod-remote-ssh-0.0.50/out/extension.js:2:1376065)
	at t.setupGitpodContext (/home/talisag/.vscode-server/extensions/gitpod.gitpod-remote-ssh-0.0.50/out/extension.js:2:1369655)
	at t.activate (/home/talisag/.vscode-server/extensions/gitpod.gitpod-remote-ssh-0.0.50/out/extension.js:2:338502)
	at q.ib (/home/talisag/.vscode-server/bin/f1b07bd25dfad64b0167beb15359ae573aecd2cc/out/vs/workbench/api/node/extensionHostProcess.js:137:13192)
	at q.hb (/home/talisag/.vscode-server/bin/f1b07bd25dfad64b0167beb15359ae573aecd2cc/out/vs/workbench/api/node/extensionHostProcess.js:137:12914)
	at /home/talisag/.vscode-server/bin/f1b07bd25dfad64b0167beb15359ae573aecd2cc/out/vs/workbench/api/node/extensionHostProcess.js:137:11039
	at process.processTicksAndRejections (node:internal/process/task_queues:95:5)
	at async w.n (/home/talisag/.vscode-server/bin/f1b07bd25dfad64b0167beb15359ae573aecd2cc/out/vs/workbench/api/node/extensionHostProcess.js:126:6205)
	at async w.m (/home/talisag/.vscode-server/bin/f1b07bd25dfad64b0167beb15359ae573aecd2cc/out/vs/workbench/api/node/extensionHostProcess.js:126:6168)
	at async w.l (/home/talisag/.vscode-server/bin/f1b07bd25dfad64b0167beb15359ae573aecd2cc/out/vs/workbench/api/node/extensionHostProcess.js:126:5625)
2023-10-27 17:44:55.212 [info] Eager extensions activated
2023-10-27 17:44:55.213 [info] ExtensionService#_doActivateExtension vscode.debug-auto-launch, startup: false, activationEvent: 'onStartupFinished'
2023-10-27 17:44:55.214 [info] ExtensionService#_doActivateExtension vscode.merge-conflict, startup: false, activationEvent: 'onStartupFinished'
2023-10-27 17:44:55.215 [info] ExtensionService#_doActivateExtension ritwickdey.LiveServer, startup: false, activationEvent: 'onStartupFinished'
2023-10-27 17:44:55.585 [info] ExtensionService#_doActivateExtension ms-vsliveshare.vsliveshare, startup: false, activationEvent: 'api', root cause: ritwickdey.LiveServer
2023-10-27 17:45:19.551 [info] ExtensionService#_doActivateExtension vscode.html-language-features, startup: false, activationEvent: 'onLanguage:html'
2023-10-27 17:45:19.552 [info] ExtensionService#_doActivateExtension vscode.emmet, startup: false, activationEvent: 'onLanguage'
2023-10-27 22:06:19.767 [info] Extension host terminating: received terminate message from renderer
2023-10-27 22:06:20.827 [info] Extension host with pid 10410 exiting with code 0
